# JRE version: OpenJDK Runtime Environment (17.0.1+12) (build 17.0.1+12-39)
# Java VM: OpenJDK 64-Bit Server VM (17.0.1+12-39, mixed mode, sharing, tiered, compressed oops, compressed class ptrs, g1 gc, windows-amd64)
GC Precious Log:
 CPUs: 4 total, 4 available
 Memory: 7895M
 Large Page Support: Disabled
 NUMA Support: Disabled
 Compressed Oops: Enabled (32-bit)
 Heap Region Size: 1M
 Heap Min Capacity: 8M
 Heap Initial Capacity: 124M
 Heap Max Capacity: 1974M
 Pre-touch: Disabled
 Parallel Workers: 4
 Concurrent Workers: 1
 Concurrent Refinement Workers: 4
 Periodic GC: Disabled
Heap:
 garbage-first heap   total 126976K, used 74301K [0x0000000084a00000, 0x0000000100000000)
  region size 1024K, 74 young (75776K), 2 survivors (2048K)
 Metaspace       used 1741K, committed 1856K, reserved 1056768K
  class space    used 124K, committed 192K, reserved 1048576K
GC Heap History (12 events):
Event: 0.195 GC heap before
{Heap before GC invocations=0 (full 0):
 garbage-first heap   total 126976K, used 13312K [0x0000000084a00000, 0x0000000100000000)
  region size 1024K, 13 young (13312K), 0 survivors (0K)
 Metaspace       used 1227K, committed 1408K, reserved 1056768K
  class space    used 107K, committed 192K, reserved 1048576K
}
Event: 0.197 GC heap after
{Heap after GC invocations=1 (full 0):
 garbage-first heap   total 126976K, used 912K [0x0000000084a00000, 0x0000000100000000)
  region size 1024K, 1 young (1024K), 1 survivors (1024K)
 Metaspace       used 1227K, committed 1408K, reserved 1056768K
  class space    used 107K, committed 192K, reserved 1048576K
}
Event: 0.288 GC heap before
{Heap before GC invocations=1 (full 0):
 garbage-first heap   total 126976K, used 19344K [0x0000000084a00000, 0x0000000100000000)
  region size 1024K, 20 young (20480K), 1 survivors (1024K)
 Metaspace       used 1333K, committed 1472K, reserved 1056768K
  class space    used 107K, committed 192K, reserved 1048576K
}
Event: 0.290 GC heap after
{Heap after GC invocations=2 (full 0):
 garbage-first heap   total 126976K, used 1024K [0x0000000084a00000, 0x0000000100000000)
  region size 1024K, 1 young (1024K), 1 survivors (1024K)
 Metaspace       used 1333K, committed 1472K, reserved 1056768K
  class space    used 107K, committed 192K, reserved 1048576K
}
Event: 0.578 GC heap before
{Heap before GC invocations=2 (full 0):
 garbage-first heap   total 126976K, used 75776K [0x0000000084a00000, 0x0000000100000000)
  region size 1024K, 74 young (75776K), 1 survivors (1024K)
 Metaspace       used 1498K, committed 1664K, reserved 1056768K
  class space    used 107K, committed 192K, reserved 1048576K
}
Event: 0.580 GC heap after
{Heap after GC invocations=3 (full 0):
 garbage-first heap   total 126976K, used 1016K [0x0000000084a00000, 0x0000000100000000)
  region size 1024K, 1 young (1024K), 1 survivors (1024K)
 Metaspace       used 1498K, committed 1664K, reserved 1056768K
  class space    used 107K, committed 192K, reserved 1048576K
}
Event: 0.811 GC heap before
{Heap before GC invocations=3 (full 0):
 garbage-first heap   total 126976K, used 75768K [0x0000000084a00000, 0x0000000100000000)
  region size 1024K, 74 young (75776K), 1 survivors (1024K)
 Metaspace       used 1508K, committed 1664K, reserved 1056768K
  class space    used 107K, committed 192K, reserved 1048576K
}
Event: 0.812 GC heap after
{Heap after GC invocations=4 (full 0):
 garbage-first heap   total 126976K, used 1117K [0x0000000084a00000, 0x0000000100000000)
  region size 1024K, 2 young (2048K), 2 survivors (2048K)
 Metaspace       used 1508K, committed 1664K, reserved 1056768K
  class space    used 107K, committed 192K, reserved 1048576K
}
Event: 0.986 GC heap before
{Heap before GC invocations=4 (full 0):
 garbage-first heap   total 126976K, used 73821K [0x0000000084a00000, 0x0000000100000000)
  region size 1024K, 74 young (75776K), 2 survivors (2048K)
 Metaspace       used 1511K, committed 1664K, reserved 1056768K
  class space    used 108K, committed 192K, reserved 1048576K
}
Event: 0.987 GC heap after
{Heap after GC invocations=5 (full 0):
 garbage-first heap   total 126976K, used 1024K [0x0000000084a00000, 0x0000000100000000)
  region size 1024K, 1 young (1024K), 1 survivors (1024K)
 Metaspace       used 1511K, committed 1664K, reserved 1056768K
  class space    used 108K, committed 192K, reserved 1048576K
}
Event: 1.151 GC heap before
{Heap before GC invocations=5 (full 0):
 garbage-first heap   total 126976K, used 74752K [0x0000000084a00000, 0x0000000100000000)
  region size 1024K, 74 young (75776K), 1 survivors (1024K)
 Metaspace       used 1740K, committed 1856K, reserved 1056768K
  class space    used 124K, committed 192K, reserved 1048576K
}
Event: 1.153 GC heap after
{Heap after GC invocations=6 (full 0):
 garbage-first heap   total 126976K, used 1597K [0x0000000084a00000, 0x0000000100000000)
  region size 1024K, 2 young (2048K), 2 survivors (2048K)
 Metaspace       used 1740K, committed 1856K, reserved 1056768K
  class space    used 124K, committed 192K, reserved 1048576K
}

